[10:14:31] [main/INFO] [GradleStart]: Extra: []
[10:14:32] [main/INFO] [GradleStart]: Running with arguments: [--userProperties, {}, --assetsDir, C:/Users/Wyatt/.gradle/caches/minecraft/assets, --assetIndex, 1.7.10, --accessToken, {REDACTED}, --version, 1.7.10, --tweakClass, cpw.mods.fml.common.launcher.FMLTweaker, --tweakClass, net.minecraftforge.gradle.GradleStartCommon$GradleStartTweaker]
[10:14:32] [main/INFO] [LaunchWrapper]: Loading tweak class name cpw.mods.fml.common.launcher.FMLTweaker
[10:14:32] [main/INFO] [LaunchWrapper]: Using primary tweak class name cpw.mods.fml.common.launcher.FMLTweaker
[10:14:32] [main/INFO] [LaunchWrapper]: Loading tweak class name net.minecraftforge.gradle.GradleStartCommon$GradleStartTweaker
[10:14:32] [main/INFO] [LaunchWrapper]: Calling tweak class cpw.mods.fml.common.launcher.FMLTweaker
[10:14:35] [main/INFO] [GradleStart]: Extra: []
[10:14:35] [main/INFO] [GradleStart]: Running with arguments: [--userProperties, {}, --assetsDir, C:/Users/Wyatt/.gradle/caches/minecraft/assets, --assetIndex, 1.7.10, --accessToken, {REDACTED}, --version, 1.7.10, --tweakClass, cpw.mods.fml.common.launcher.FMLTweaker, --tweakClass, net.minecraftforge.gradle.GradleStartCommon$GradleStartTweaker]
[10:14:35] [main/INFO] [LaunchWrapper]: Loading tweak class name cpw.mods.fml.common.launcher.FMLTweaker
[10:14:35] [main/INFO] [LaunchWrapper]: Using primary tweak class name cpw.mods.fml.common.launcher.FMLTweaker
[10:14:35] [main/INFO] [LaunchWrapper]: Loading tweak class name net.minecraftforge.gradle.GradleStartCommon$GradleStartTweaker
[10:14:35] [main/INFO] [LaunchWrapper]: Calling tweak class cpw.mods.fml.common.launcher.FMLTweaker
[11:24:59] [main/INFO] [GradleStart]: username: wyattlikescats@gmail.com
[11:24:59] [main/INFO] [GradleStart]: Extra: []
[11:24:59] [main/INFO] [GradleStart]: Password found, attempting login
[11:25:07] [main/INFO] [GradleStart]: Login Succesful!
[11:25:07] [main/INFO] [GradleStart]: Running with arguments: [--userProperties, {}, --assetsDir, C:/Users/Wyatt/.gradle/caches/minecraft/assets, --assetIndex, 1.7.10, --userType, mojang, --accessToken, {REDACTED}, --version, 1.7.10, --uuid, 4ddb47388c9e492ba285f5467645f484, --userPropertiesMap, [{"name":"twitch_access_token","value":"5ou3wq3049mv3ld0rn5bs3bjiw8w7uj"}], --username, Awesome_Spider, --tweakClass, cpw.mods.fml.common.launcher.FMLTweaker, --tweakClass, net.minecraftforge.gradle.GradleStartCommon$GradleStartTweaker]
[11:25:07] [main/INFO] [LaunchWrapper]: Loading tweak class name cpw.mods.fml.common.launcher.FMLTweaker
[11:25:07] [main/INFO] [LaunchWrapper]: Using primary tweak class name cpw.mods.fml.common.launcher.FMLTweaker
[11:25:07] [main/INFO] [LaunchWrapper]: Loading tweak class name net.minecraftforge.gradle.GradleStartCommon$GradleStartTweaker
[11:25:07] [main/INFO] [LaunchWrapper]: Calling tweak class cpw.mods.fml.common.launcher.FMLTweaker
[18:51:07] [main/INFO] [GradleStart]: username: wyattlikescats@gmail.com
[18:51:08] [main/INFO] [GradleStart]: Extra: []
[18:51:08] [main/INFO] [GradleStart]: Password found, attempting login
[18:51:15] [main/INFO] [GradleStart]: Login Succesful!
[18:51:15] [main/INFO] [GradleStart]: Running with arguments: [--userProperties, {}, --assetsDir, C:/Users/Wyatt/.gradle/caches/minecraft/assets, --assetIndex, 1.7.10, --userType, mojang, --accessToken, {REDACTED}, --version, 1.7.10, --uuid, 4ddb47388c9e492ba285f5467645f484, --userPropertiesMap, [{"name":"twitch_access_token","value":"5ou3wq3049mv3ld0rn5bs3bjiw8w7uj"}], --username, Awesome_Spider, --tweakClass, cpw.mods.fml.common.launcher.FMLTweaker, --tweakClass, net.minecraftforge.gradle.GradleStartCommon$GradleStartTweaker]
[18:51:16] [main/INFO] [LaunchWrapper]: Loading tweak class name cpw.mods.fml.common.launcher.FMLTweaker
[18:51:16] [main/INFO] [LaunchWrapper]: Using primary tweak class name cpw.mods.fml.common.launcher.FMLTweaker
[18:51:16] [main/INFO] [LaunchWrapper]: Loading tweak class name net.minecraftforge.gradle.GradleStartCommon$GradleStartTweaker
[18:51:16] [main/INFO] [LaunchWrapper]: Calling tweak class cpw.mods.fml.common.launcher.FMLTweaker
[10:31:59] [main/INFO] [GradleStart]: username: wyattlikescats@gmail.com
[10:31:59] [main/INFO] [GradleStart]: Extra: []
[10:31:59] [main/INFO] [GradleStart]: Password found, attempting login
[10:32:09] [main/INFO] [GradleStart]: Login Succesful!
[10:32:10] [main/INFO] [GradleStart]: Running with arguments: [--userProperties, {}, --assetsDir, C:/Users/Wyatt/.gradle/caches/minecraft/assets, --assetIndex, 1.7.10, --userType, mojang, --accessToken, {REDACTED}, --version, 1.7.10, --uuid, 4ddb47388c9e492ba285f5467645f484, --userPropertiesMap, [{"name":"twitch_access_token","value":"5ou3wq3049mv3ld0rn5bs3bjiw8w7uj"}], --username, Awesome_Spider, --tweakClass, cpw.mods.fml.common.launcher.FMLTweaker, --tweakClass, net.minecraftforge.gradle.GradleStartCommon$GradleStartTweaker]
[10:32:10] [main/INFO] [LaunchWrapper]: Loading tweak class name cpw.mods.fml.common.launcher.FMLTweaker
[10:32:10] [main/INFO] [LaunchWrapper]: Using primary tweak class name cpw.mods.fml.common.launcher.FMLTweaker
[10:32:10] [main/INFO] [LaunchWrapper]: Loading tweak class name net.minecraftforge.gradle.GradleStartCommon$GradleStartTweaker
[10:32:10] [main/INFO] [LaunchWrapper]: Calling tweak class cpw.mods.fml.common.launcher.FMLTweaker
